<?xml version="1.0" encoding="UTF-8"?>
<!-- Generated by org.testng.reporters.JUnitXMLReporter -->
<testsuite ignored="0" hostname="iAF-NaniChakali" failures="0" tests="7" name="Smoke Tests" time="79.649" errors="0" timestamp="2025-05-07T15:31:39 IST">
  <testcase classname="NCPR.NCPR_HomePage_Validation" name="loginFromFundTrail" time="6.024"/>
  <testcase classname="NCPR.NCPR_HomePage_Validation" name="ncrpLoginLogout" time="1.932"/>
  <testcase classname="NCPR.CaseOperations" name="createCaseAndUploadFile" time="39.805"/>
  <testcase classname="NCPR.CaseOperations" name="deleteCreatedCase" time="4.829"/>
  <testcase classname="NCPR.CaseDetailViewValidations" name="DetailViewComponents" time="3.09"/>
  <testcase classname="NCPR.CaseDetailViewValidations" name="test_verify_pdf_data_matches_ui" time="4.002"/>
  <testcase classname="NCPR.ComponentVerificationTest" name="verify_components_load_status" time="3.815"/>
</testsuite> <!-- Smoke Tests -->
