<?xml version="1.0" encoding="UTF-8"?>
<!-- Generated by org.testng.reporters.JUnitXMLReporter -->
<testsuite ignored="0" hostname="iAF-NaniChakali" failures="2" tests="7" name="Smoke Tests" time="117.641" errors="0" timestamp="2025-05-07T16:59:05 IST">
  <testcase classname="ncpr.HomePageValidations" name="loginFromFundTrail" time="8.566"/>
  <testcase classname="ncpr.HomePageValidations" name="ncrpLoginLogout" time="1.089"/>
  <testcase classname="ncpr.CaseOperations" name="createCaseAndUploadFile" time="33.177">
    <failure type="com.microsoft.playwright.TimeoutError" message="Error {
  message=&amp;apos;Timeout 30000ms exceeded.
  name=&amp;apos;TimeoutError
  stack=&amp;apos;TimeoutError: Timeout 30000ms exceeded.
    at ProgressController.run (C:\Users\iAcuity\AppData\Local\Temp\playwright-java-10649015029238936701\package\lib\server\progress.js:75:26)
    at Frame.click (C:\Users\iAcuity\AppData\Local\Temp\playwright-java-10649015029238936701\package\lib\server\frames.js:1022:23)
    at FrameDispatcher.click (C:\Users\iAcuity\AppData\Local\Temp\playwright-java-10649015029238936701\package\lib\server\dispatchers\frameDispatcher.js:157:30)
    at FrameDispatcher._handleCommand (C:\Users\iAcuity\AppData\Local\Temp\playwright-java-10649015029238936701\package\lib\server\dispatchers\dispatcher.js:96:40)
    at DispatcherConnection.dispatch (C:\Users\iAcuity\AppData\Local\Temp\playwright-java-10649015029238936701\package\lib\server\dispatchers\dispatcher.js:366:39)
}
Call log:
-   - waiting for locator(&amp;quot;xpath=(//button[text()=&amp;apos;Select&amp;apos;])[3]&amp;quot;)
-     - locator resolved to &amp;lt;button title=&amp;quot;Select&amp;quot;&amp;gt;Select&amp;lt;/button&amp;gt;
-   - attempting click action
-     2 × waiting for element to be visible, enabled and stable
-       - element is visible, enabled and stable
-       - scrolling into view if needed
-       - done scrolling
-       - &amp;lt;div data-pc-section=&amp;quot;mask&amp;quot; class=&amp;quot;p-dialog-mask p-dialog-center p-component-overlay p-component-overlay-enter p-dialog-draggable p-dialog-resizable&amp;quot;&amp;gt;…&amp;lt;/div&amp;gt; intercepts pointer events
-     - retrying click action
-     - waiting 20ms
-     2 × waiting for element to be visible, enabled and stable
-       - element is visible, enabled and stable
-       - scrolling into view if needed
-       - done scrolling
-       - &amp;lt;div data-pc-section=&amp;quot;mask&amp;quot; class=&amp;quot;p-dialog-mask p-dialog-center p-component-overlay p-component-overlay-enter p-dialog-draggable p-dialog-resizable&amp;quot;&amp;gt;…&amp;lt;/div&amp;gt; intercepts pointer events
-     - retrying click action
-       - waiting 100ms
-     55 × waiting for element to be visible, enabled and stable
-        - element is visible, enabled and stable
-        - scrolling into view if needed
-        - done scrolling
-        - &amp;lt;div data-pc-section=&amp;quot;mask&amp;quot; class=&amp;quot;p-dialog-mask p-dialog-center p-component-overlay p-component-overlay-enter p-dialog-draggable p-dialog-resizable&amp;quot;&amp;gt;…&amp;lt;/div&amp;gt; intercepts pointer events
-      - retrying click action
-        - waiting 500ms
">
      <![CDATA[com.microsoft.playwright.TimeoutError: Error {
  message='Timeout 30000ms exceeded.
  name='TimeoutError
  stack='TimeoutError: Timeout 30000ms exceeded.
    at ProgressController.run (C:\Users\iAcuity\AppData\Local\Temp\playwright-java-10649015029238936701\package\lib\server\progress.js:75:26)
    at Frame.click (C:\Users\iAcuity\AppData\Local\Temp\playwright-java-10649015029238936701\package\lib\server\frames.js:1022:23)
    at FrameDispatcher.click (C:\Users\iAcuity\AppData\Local\Temp\playwright-java-10649015029238936701\package\lib\server\dispatchers\frameDispatcher.js:157:30)
    at FrameDispatcher._handleCommand (C:\Users\iAcuity\AppData\Local\Temp\playwright-java-10649015029238936701\package\lib\server\dispatchers\dispatcher.js:96:40)
    at DispatcherConnection.dispatch (C:\Users\iAcuity\AppData\Local\Temp\playwright-java-10649015029238936701\package\lib\server\dispatchers\dispatcher.js:366:39)
}
Call log:
-   - waiting for locator("xpath=(//button[text()='Select'])[3]")
-     - locator resolved to <button title="Select">Select</button>
-   - attempting click action
-     2 × waiting for element to be visible, enabled and stable
-       - element is visible, enabled and stable
-       - scrolling into view if needed
-       - done scrolling
-       - <div data-pc-section="mask" class="p-dialog-mask p-dialog-center p-component-overlay p-component-overlay-enter p-dialog-draggable p-dialog-resizable">…</div> intercepts pointer events
-     - retrying click action
-     - waiting 20ms
-     2 × waiting for element to be visible, enabled and stable
-       - element is visible, enabled and stable
-       - scrolling into view if needed
-       - done scrolling
-       - <div data-pc-section="mask" class="p-dialog-mask p-dialog-center p-component-overlay p-component-overlay-enter p-dialog-draggable p-dialog-resizable">…</div> intercepts pointer events
-     - retrying click action
-       - waiting 100ms
-     55 × waiting for element to be visible, enabled and stable
-        - element is visible, enabled and stable
-        - scrolling into view if needed
-        - done scrolling
-        - <div data-pc-section="mask" class="p-dialog-mask p-dialog-center p-component-overlay p-component-overlay-enter p-dialog-draggable p-dialog-resizable">…</div> intercepts pointer events
-      - retrying click action
-        - waiting 500ms

at com.microsoft.playwright.impl.WaitableResult.get(WaitableResult.java:52)
at com.microsoft.playwright.impl.ChannelOwner.runUntil(ChannelOwner.java:132)
at com.microsoft.playwright.impl.Connection.sendMessage(Connection.java:130)
at com.microsoft.playwright.impl.ChannelOwner.sendMessage(ChannelOwner.java:118)
at com.microsoft.playwright.impl.FrameImpl.clickImpl(FrameImpl.java:252)
at com.microsoft.playwright.impl.FrameImpl.lambda$click$8(FrameImpl.java:243)
at com.microsoft.playwright.impl.LoggingSupport.lambda$withLogging$0(LoggingSupport.java:36)
at com.microsoft.playwright.impl.LoggingSupport.withLogging(LoggingSupport.java:47)
at com.microsoft.playwright.impl.ChannelOwner.withLogging(ChannelOwner.java:97)
at com.microsoft.playwright.impl.LoggingSupport.withLogging(LoggingSupport.java:35)
at com.microsoft.playwright.impl.FrameImpl.click(FrameImpl.java:243)
at com.microsoft.playwright.impl.LocatorImpl.click(LocatorImpl.java:174)
at com.microsoft.playwright.Locator.click(Locator.java:2508)
at ncpr.CaseOperations.uploadFileToCase(CaseOperations.java:45)
at ncpr.CaseOperations.createCaseAndUploadFile(CaseOperations.java:90)
at java.base/java.util.ArrayList.forEach(ArrayList.java:1596)
Caused by: com.microsoft.playwright.TimeoutError: Error {
  message='Timeout 30000ms exceeded.
  name='TimeoutError
  stack='TimeoutError: Timeout 30000ms exceeded.
    at ProgressController.run (C:\Users\iAcuity\AppData\Local\Temp\playwright-java-10649015029238936701\package\lib\server\progress.js:75:26)
    at Frame.click (C:\Users\iAcuity\AppData\Local\Temp\playwright-java-10649015029238936701\package\lib\server\frames.js:1022:23)
    at FrameDispatcher.click (C:\Users\iAcuity\AppData\Local\Temp\playwright-java-10649015029238936701\package\lib\server\dispatchers\frameDispatcher.js:157:30)
    at FrameDispatcher._handleCommand (C:\Users\iAcuity\AppData\Local\Temp\playwright-java-10649015029238936701\package\lib\server\dispatchers\dispatcher.js:96:40)
    at DispatcherConnection.dispatch (C:\Users\iAcuity\AppData\Local\Temp\playwright-java-10649015029238936701\package\lib\server\dispatchers\dispatcher.js:366:39)
}
Call log:
-   - waiting for locator("xpath=(//button[text()='Select'])[3]")
-     - locator resolved to <button title="Select">Select</button>
-   - attempting click action
-     2 × waiting for element to be visible, enabled and stable
-       - element is visible, enabled and stable
-       - scrolling into view if needed
-       - done scrolling
-       - <div data-pc-section="mask" class="p-dialog-mask p-dialog-center p-component-overlay p-component-overlay-enter p-dialog-draggable p-dialog-resizable">…</div> intercepts pointer events
-     - retrying click action
-     - waiting 20ms
-     2 × waiting for element to be visible, enabled and stable
-       - element is visible, enabled and stable
-       - scrolling into view if needed
-       - done scrolling
-       - <div data-pc-section="mask" class="p-dialog-mask p-dialog-center p-component-overlay p-component-overlay-enter p-dialog-draggable p-dialog-resizable">…</div> intercepts pointer events
-     - retrying click action
-       - waiting 100ms
-     55 × waiting for element to be visible, enabled and stable
-        - element is visible, enabled and stable
-        - scrolling into view if needed
-        - done scrolling
-        - <div data-pc-section="mask" class="p-dialog-mask p-dialog-center p-component-overlay p-component-overlay-enter p-dialog-draggable p-dialog-resizable">…</div> intercepts pointer events
-      - retrying click action
-        - waiting 500ms

at com.microsoft.playwright.impl.Connection.dispatch(Connection.java:254)
at com.microsoft.playwright.impl.Connection.processOneMessage(Connection.java:211)
at com.microsoft.playwright.impl.ChannelOwner.runUntil(ChannelOwner.java:130)
... 39 more
... Removed 25 stack frames]]>
    </failure>
  </testcase> <!-- createCaseAndUploadFile -->
  <testcase classname="ncpr.CaseOperations" name="deleteCreatedCase" time="32.242">
    <failure type="com.microsoft.playwright.TimeoutError" message="Error {
  message=&amp;apos;Timeout 30000ms exceeded.
  name=&amp;apos;TimeoutError
  stack=&amp;apos;TimeoutError: Timeout 30000ms exceeded.
    at ProgressController.run (C:\Users\iAcuity\AppData\Local\Temp\playwright-java-10649015029238936701\package\lib\server\progress.js:75:26)
    at Frame.click (C:\Users\iAcuity\AppData\Local\Temp\playwright-java-10649015029238936701\package\lib\server\frames.js:1022:23)
    at FrameDispatcher.click (C:\Users\iAcuity\AppData\Local\Temp\playwright-java-10649015029238936701\package\lib\server\dispatchers\frameDispatcher.js:157:30)
    at FrameDispatcher._handleCommand (C:\Users\iAcuity\AppData\Local\Temp\playwright-java-10649015029238936701\package\lib\server\dispatchers\dispatcher.js:96:40)
    at DispatcherConnection.dispatch (C:\Users\iAcuity\AppData\Local\Temp\playwright-java-10649015029238936701\package\lib\server\dispatchers\dispatcher.js:366:39)
}
Call log:
-   - waiting for locator(&amp;quot;xpath=(//button[@title=&amp;apos;Delete&amp;apos;])[3]&amp;quot;)
-     - locator resolved to &amp;lt;button title=&amp;quot;Delete&amp;quot;&amp;gt;…&amp;lt;/button&amp;gt;
-   - attempting click action
-     2 × waiting for element to be visible, enabled and stable
-       - element is not stable
-     - retrying click action
-     - waiting 20ms
-     2 × waiting for element to be visible, enabled and stable
-       - element is not stable
-     - retrying click action
-       - waiting 100ms
-     - waiting for element to be visible, enabled and stable
-     - element is not stable
-   13 × retrying click action
-        - waiting 500ms
-        - waiting for element to be visible, enabled and stable
-        - element is visible, enabled and stable
-        - scrolling into view if needed
-        - done scrolling
-        - &amp;lt;div data-pc-section=&amp;quot;mask&amp;quot; class=&amp;quot;p-dialog-mask p-dialog-center p-component-overlay p-component-overlay-enter p-dialog-draggable p-dialog-resizable&amp;quot;&amp;gt;…&amp;lt;/div&amp;gt; intercepts pointer events
-      - retrying click action
-        - waiting 500ms
-        - waiting for element to be visible, enabled and stable
-        - element is visible, enabled and stable
-        - scrolling into view if needed
-        - done scrolling
-        - &amp;lt;div class=&amp;quot;form-container&amp;quot;&amp;gt;…&amp;lt;/div&amp;gt; from &amp;lt;div data-pc-section=&amp;quot;mask&amp;quot; class=&amp;quot;p-dialog-mask p-dialog-center p-component-overlay p-component-overlay-enter p-dialog-draggable p-dialog-resizable&amp;quot;&amp;gt;…&amp;lt;/div&amp;gt; subtree intercepts pointer events
-      - retrying click action
-        - waiting 500ms
-        - waiting for element to be visible, enabled and stable
-        - element is visible, enabled and stable
-        - scrolling into view if needed
-        - done scrolling
-        - &amp;lt;div class=&amp;quot;form-container&amp;quot;&amp;gt;…&amp;lt;/div&amp;gt; from &amp;lt;div data-pc-section=&amp;quot;mask&amp;quot; class=&amp;quot;p-dialog-mask p-dialog-center p-component-overlay p-component-overlay-enter p-dialog-draggable p-dialog-resizable&amp;quot;&amp;gt;…&amp;lt;/div&amp;gt; subtree intercepts pointer events
-      - retrying click action
-        - waiting 500ms
-        - waiting for element to be visible, enabled and stable
-        - element is visible, enabled and stable
-        - scrolling into view if needed
-        - done scrolling
-        - &amp;lt;div class=&amp;quot;form-container&amp;quot;&amp;gt;…&amp;lt;/div&amp;gt; from &amp;lt;div data-pc-section=&amp;quot;mask&amp;quot; class=&amp;quot;p-dialog-mask p-dialog-center p-component-overlay p-component-overlay-enter p-dialog-draggable p-dialog-resizable&amp;quot;&amp;gt;…&amp;lt;/div&amp;gt; subtree intercepts pointer events
-   - retrying click action
-     - waiting 500ms
-     - waiting for element to be visible, enabled and stable
-     - element is visible, enabled and stable
-     - scrolling into view if needed
-     - done scrolling
-     - &amp;lt;div data-pc-section=&amp;quot;mask&amp;quot; class=&amp;quot;p-dialog-mask p-dialog-center p-component-overlay p-component-overlay-enter p-dialog-draggable p-dialog-resizable&amp;quot;&amp;gt;…&amp;lt;/div&amp;gt; intercepts pointer events
-   - retrying click action
-     - waiting 500ms
-     - waiting for element to be visible, enabled and stable
-     - element is visible, enabled and stable
-     - scrolling into view if needed
-     - done scrolling
-     - &amp;lt;div class=&amp;quot;form-container&amp;quot;&amp;gt;…&amp;lt;/div&amp;gt; from &amp;lt;div data-pc-section=&amp;quot;mask&amp;quot; class=&amp;quot;p-dialog-mask p-dialog-center p-component-overlay p-component-overlay-enter p-dialog-draggable p-dialog-resizable&amp;quot;&amp;gt;…&amp;lt;/div&amp;gt; subtree intercepts pointer events
-   - retrying click action
-     - waiting 500ms
">
      <![CDATA[com.microsoft.playwright.TimeoutError: Error {
  message='Timeout 30000ms exceeded.
  name='TimeoutError
  stack='TimeoutError: Timeout 30000ms exceeded.
    at ProgressController.run (C:\Users\iAcuity\AppData\Local\Temp\playwright-java-10649015029238936701\package\lib\server\progress.js:75:26)
    at Frame.click (C:\Users\iAcuity\AppData\Local\Temp\playwright-java-10649015029238936701\package\lib\server\frames.js:1022:23)
    at FrameDispatcher.click (C:\Users\iAcuity\AppData\Local\Temp\playwright-java-10649015029238936701\package\lib\server\dispatchers\frameDispatcher.js:157:30)
    at FrameDispatcher._handleCommand (C:\Users\iAcuity\AppData\Local\Temp\playwright-java-10649015029238936701\package\lib\server\dispatchers\dispatcher.js:96:40)
    at DispatcherConnection.dispatch (C:\Users\iAcuity\AppData\Local\Temp\playwright-java-10649015029238936701\package\lib\server\dispatchers\dispatcher.js:366:39)
}
Call log:
-   - waiting for locator("xpath=(//button[@title='Delete'])[3]")
-     - locator resolved to <button title="Delete">…</button>
-   - attempting click action
-     2 × waiting for element to be visible, enabled and stable
-       - element is not stable
-     - retrying click action
-     - waiting 20ms
-     2 × waiting for element to be visible, enabled and stable
-       - element is not stable
-     - retrying click action
-       - waiting 100ms
-     - waiting for element to be visible, enabled and stable
-     - element is not stable
-   13 × retrying click action
-        - waiting 500ms
-        - waiting for element to be visible, enabled and stable
-        - element is visible, enabled and stable
-        - scrolling into view if needed
-        - done scrolling
-        - <div data-pc-section="mask" class="p-dialog-mask p-dialog-center p-component-overlay p-component-overlay-enter p-dialog-draggable p-dialog-resizable">…</div> intercepts pointer events
-      - retrying click action
-        - waiting 500ms
-        - waiting for element to be visible, enabled and stable
-        - element is visible, enabled and stable
-        - scrolling into view if needed
-        - done scrolling
-        - <div class="form-container">…</div> from <div data-pc-section="mask" class="p-dialog-mask p-dialog-center p-component-overlay p-component-overlay-enter p-dialog-draggable p-dialog-resizable">…</div> subtree intercepts pointer events
-      - retrying click action
-        - waiting 500ms
-        - waiting for element to be visible, enabled and stable
-        - element is visible, enabled and stable
-        - scrolling into view if needed
-        - done scrolling
-        - <div class="form-container">…</div> from <div data-pc-section="mask" class="p-dialog-mask p-dialog-center p-component-overlay p-component-overlay-enter p-dialog-draggable p-dialog-resizable">…</div> subtree intercepts pointer events
-      - retrying click action
-        - waiting 500ms
-        - waiting for element to be visible, enabled and stable
-        - element is visible, enabled and stable
-        - scrolling into view if needed
-        - done scrolling
-        - <div class="form-container">…</div> from <div data-pc-section="mask" class="p-dialog-mask p-dialog-center p-component-overlay p-component-overlay-enter p-dialog-draggable p-dialog-resizable">…</div> subtree intercepts pointer events
-   - retrying click action
-     - waiting 500ms
-     - waiting for element to be visible, enabled and stable
-     - element is visible, enabled and stable
-     - scrolling into view if needed
-     - done scrolling
-     - <div data-pc-section="mask" class="p-dialog-mask p-dialog-center p-component-overlay p-component-overlay-enter p-dialog-draggable p-dialog-resizable">…</div> intercepts pointer events
-   - retrying click action
-     - waiting 500ms
-     - waiting for element to be visible, enabled and stable
-     - element is visible, enabled and stable
-     - scrolling into view if needed
-     - done scrolling
-     - <div class="form-container">…</div> from <div data-pc-section="mask" class="p-dialog-mask p-dialog-center p-component-overlay p-component-overlay-enter p-dialog-draggable p-dialog-resizable">…</div> subtree intercepts pointer events
-   - retrying click action
-     - waiting 500ms

at com.microsoft.playwright.impl.WaitableResult.get(WaitableResult.java:52)
at com.microsoft.playwright.impl.ChannelOwner.runUntil(ChannelOwner.java:132)
at com.microsoft.playwright.impl.Connection.sendMessage(Connection.java:130)
at com.microsoft.playwright.impl.ChannelOwner.sendMessage(ChannelOwner.java:118)
at com.microsoft.playwright.impl.FrameImpl.clickImpl(FrameImpl.java:252)
at com.microsoft.playwright.impl.FrameImpl.lambda$click$8(FrameImpl.java:243)
at com.microsoft.playwright.impl.LoggingSupport.lambda$withLogging$0(LoggingSupport.java:36)
at com.microsoft.playwright.impl.LoggingSupport.withLogging(LoggingSupport.java:47)
at com.microsoft.playwright.impl.ChannelOwner.withLogging(ChannelOwner.java:97)
at com.microsoft.playwright.impl.LoggingSupport.withLogging(LoggingSupport.java:35)
at com.microsoft.playwright.impl.FrameImpl.click(FrameImpl.java:243)
at com.microsoft.playwright.impl.LocatorImpl.click(LocatorImpl.java:174)
at com.microsoft.playwright.Locator.click(Locator.java:2508)
at ncpr.CaseOperations.deleteCase(CaseOperations.java:81)
at ncpr.CaseOperations.deleteCreatedCase(CaseOperations.java:95)
at java.base/java.util.ArrayList.forEach(ArrayList.java:1596)
Caused by: com.microsoft.playwright.TimeoutError: Error {
  message='Timeout 30000ms exceeded.
  name='TimeoutError
  stack='TimeoutError: Timeout 30000ms exceeded.
    at ProgressController.run (C:\Users\iAcuity\AppData\Local\Temp\playwright-java-10649015029238936701\package\lib\server\progress.js:75:26)
    at Frame.click (C:\Users\iAcuity\AppData\Local\Temp\playwright-java-10649015029238936701\package\lib\server\frames.js:1022:23)
    at FrameDispatcher.click (C:\Users\iAcuity\AppData\Local\Temp\playwright-java-10649015029238936701\package\lib\server\dispatchers\frameDispatcher.js:157:30)
    at FrameDispatcher._handleCommand (C:\Users\iAcuity\AppData\Local\Temp\playwright-java-10649015029238936701\package\lib\server\dispatchers\dispatcher.js:96:40)
    at DispatcherConnection.dispatch (C:\Users\iAcuity\AppData\Local\Temp\playwright-java-10649015029238936701\package\lib\server\dispatchers\dispatcher.js:366:39)
}
Call log:
-   - waiting for locator("xpath=(//button[@title='Delete'])[3]")
-     - locator resolved to <button title="Delete">…</button>
-   - attempting click action
-     2 × waiting for element to be visible, enabled and stable
-       - element is not stable
-     - retrying click action
-     - waiting 20ms
-     2 × waiting for element to be visible, enabled and stable
-       - element is not stable
-     - retrying click action
-       - waiting 100ms
-     - waiting for element to be visible, enabled and stable
-     - element is not stable
-   13 × retrying click action
-        - waiting 500ms
-        - waiting for element to be visible, enabled and stable
-        - element is visible, enabled and stable
-        - scrolling into view if needed
-        - done scrolling
-        - <div data-pc-section="mask" class="p-dialog-mask p-dialog-center p-component-overlay p-component-overlay-enter p-dialog-draggable p-dialog-resizable">…</div> intercepts pointer events
-      - retrying click action
-        - waiting 500ms
-        - waiting for element to be visible, enabled and stable
-        - element is visible, enabled and stable
-        - scrolling into view if needed
-        - done scrolling
-        - <div class="form-container">…</div> from <div data-pc-section="mask" class="p-dialog-mask p-dialog-center p-component-overlay p-component-overlay-enter p-dialog-draggable p-dialog-resizable">…</div> subtree intercepts pointer events
-      - retrying click action
-        - waiting 500ms
-        - waiting for element to be visible, enabled and stable
-        - element is visible, enabled and stable
-        - scrolling into view if needed
-        - done scrolling
-        - <div class="form-container">…</div> from <div data-pc-section="mask" class="p-dialog-mask p-dialog-center p-component-overlay p-component-overlay-enter p-dialog-draggable p-dialog-resizable">…</div> subtree intercepts pointer events
-      - retrying click action
-        - waiting 500ms
-        - waiting for element to be visible, enabled and stable
-        - element is visible, enabled and stable
-        - scrolling into view if needed
-        - done scrolling
-        - <div class="form-container">…</div> from <div data-pc-section="mask" class="p-dialog-mask p-dialog-center p-component-overlay p-component-overlay-enter p-dialog-draggable p-dialog-resizable">…</div> subtree intercepts pointer events
-   - retrying click action
-     - waiting 500ms
-     - waiting for element to be visible, enabled and stable
-     - element is visible, enabled and stable
-     - scrolling into view if needed
-     - done scrolling
-     - <div data-pc-section="mask" class="p-dialog-mask p-dialog-center p-component-overlay p-component-overlay-enter p-dialog-draggable p-dialog-resizable">…</div> intercepts pointer events
-   - retrying click action
-     - waiting 500ms
-     - waiting for element to be visible, enabled and stable
-     - element is visible, enabled and stable
-     - scrolling into view if needed
-     - done scrolling
-     - <div class="form-container">…</div> from <div data-pc-section="mask" class="p-dialog-mask p-dialog-center p-component-overlay p-component-overlay-enter p-dialog-draggable p-dialog-resizable">…</div> subtree intercepts pointer events
-   - retrying click action
-     - waiting 500ms

at com.microsoft.playwright.impl.Connection.dispatch(Connection.java:254)
at com.microsoft.playwright.impl.Connection.processOneMessage(Connection.java:211)
at com.microsoft.playwright.impl.ChannelOwner.runUntil(ChannelOwner.java:130)
... 39 more
... Removed 25 stack frames]]>
    </failure>
  </testcase> <!-- deleteCreatedCase -->
  <testcase classname="ncpr.CaseDetailViewValidations" name="DetailViewComponents" time="2.486"/>
  <testcase classname="ncpr.CaseDetailViewValidations" name="test_verify_pdf_data_matches_ui" time="3.943"/>
  <testcase classname="ncpr.ComponentVerificationTest" name="verify_components_load_status" time="4.014"/>
</testsuite> <!-- Smoke Tests -->
