<?xml version="1.0" encoding="UTF-8"?>
<testng-results ignored="0" total="1" passed="1" failed="0" skipped="0">
  <reporter-output>
  </reporter-output>
  <suite started-at="2025-05-07T18:25:19 IST" name="Default suite" finished-at="2025-05-07T18:25:39 IST" duration-ms="20391">
    <groups>
    </groups>
    <test started-at="2025-05-07T18:25:19 IST" name="Default test" finished-at="2025-05-07T18:25:39 IST" duration-ms="20391">
      <class name="ncpr.LinkView">
        <test-method is-config="true" signature="setUp()[pri:0, instance:ncpr.LinkView@702657cc]" started-at="2025-05-07T18:25:19 IST" name="setUp" finished-at="2025-05-07T18:25:36 IST" duration-ms="16485" status="PASS">
          <reporter-output>
          </reporter-output>
        </test-method> <!-- setUp -->
        <test-method signature="ExcelDownLoadCheck()[pri:0, instance:ncpr.LinkView@702657cc]" started-at="2025-05-07T18:25:36 IST" name="ExcelDownLoadCheck" finished-at="2025-05-07T18:25:39 IST" duration-ms="3127" status="PASS">
          <reporter-output>
          </reporter-output>
        </test-method> <!-- ExcelDownLoadCheck -->
        <test-method is-config="true" signature="tearDown()[pri:0, instance:ncpr.LinkView@702657cc]" started-at="2025-05-07T18:25:39 IST" name="tearDown" finished-at="2025-05-07T18:25:39 IST" duration-ms="665" status="PASS">
          <reporter-output>
          </reporter-output>
        </test-method> <!-- tearDown -->
      </class> <!-- ncpr.LinkView -->
    </test> <!-- Default test -->
  </suite> <!-- Default suite -->
</testng-results>
